<?xml version="1.0" encoding="UTF-8"?>
<testng-results skipped="0" failed="0" ignored="0" total="1" passed="1">
  <reporter-output>
  </reporter-output>
  <suite name="Default suite" duration-ms="36129" started-at="2019-04-07T11:13:17Z" finished-at="2019-04-07T11:13:53Z">
    <groups>
    </groups>
    <test name="Default test" duration-ms="36129" started-at="2019-04-07T11:13:17Z" finished-at="2019-04-07T11:13:53Z">
      <class name="com.hubspot.keyword.testcases.LoginTest">
        <test-method status="PASS" signature="loginTest()[pri:0, instance:com.hubspot.keyword.testcases.LoginTest@29ee9faa]" name="loginTest" duration-ms="36089" started-at="2019-04-07T11:13:17Z" finished-at="2019-04-07T11:13:53Z">
          <reporter-output>
          </reporter-output>
        </test-method> <!-- loginTest -->
      </class> <!-- com.hubspot.keyword.testcases.LoginTest -->
    </test> <!-- Default test -->
  </suite> <!-- Default suite -->
</testng-results>
